[36mINFO[0m[0000] Called ovm-arm64.PersistentPreRunE(./out/bin/ovm-arm64) 
[33mWARN[0m[0000] No report url provided by user               
[33mWARN[0m[0000] No report url provided by user               
[33mWARN[0m[0000] No report url provided by user               
[33mWARN[0m[0000] No report url provided by user               
[33mWARN[0m[0000] No report url provided by user               
[33mWARN[0m[0000] No report url provided by user               
[33mWARN[0m[0000] No report url provided by user               
[33mWARN[0m[0000] No report url provided by user               
[36mINFO[0m[0000] Called ovm-arm64.PersistentPreRunE(./out/bin/ovm-arm64) 
[33mWARN[0m[0000] No report url provided by user               
[33mWARN[0m[0000] No report url provided by user               
[36mINFO[0m[0000] Called ovm-arm64.PersistentPreRunE(./out/bin/ovm-arm64 sss) 
[33mWARN[0m[0000] No report url provided by user               
[33mWARN[0m[0000] No report url provided by user               
[36mINFO[0m[0000] Called ovm-arm64.PersistentPreRunE(./out/bin/ovm-arm64) 
[33mWARN[0m[0000] No report url provided by user               
[33mWARN[0m[0000] No report url provided by user               
[36mINFO[0m[0000] Called ovm-arm64.PersistentPreRunE(./out/bin/ovm-arm64) 
[33mWARN[0m[0000] No report url provided by user               
[33mWARN[0m[0000] No report url provided by user               
[36mINFO[0m[0000] Called ovm-arm64.PersistentPreRunE(./out/bin/ovm-arm64 int) 
[33mWARN[0m[0000] No report url provided by user               
[33mWARN[0m[0000] No report url provided by user               
[36mINFO[0m[0000] Called system.PersistentPreRunE(./out/bin/ovm-arm64 system) 
[33mWARN[0m[0000] No report url provided by user               
[33mWARN[0m[0000] No report url provided by user               
